0 info it worked if it ends with ok
1 verbose cli [ 'node', '/usr/local/bin/npm', 'run', 'start', 'dev' ]
2 info using npm@3.5.3
3 info using node@v0.12.7
4 verbose run-script [ 'prestart', 'start', 'poststart' ]
5 info lifecycle actorMap@0.0.0~prestart: actorMap@0.0.0
6 silly lifecycle actorMap@0.0.0~prestart: no script for prestart, continuing
7 info lifecycle actorMap@0.0.0~start: actorMap@0.0.0
8 verbose lifecycle actorMap@0.0.0~start: unsafe-perm in lifecycle true
9 verbose lifecycle actorMap@0.0.0~start: PATH: /usr/local/lib/node_modules/npm/bin/node-gyp-bin:/Users/mark/Code/d3/actorMap/node_modules/.bin:/Library/Frameworks/Python.framework/Versions/3.5/bin:/Users/mark/google-cloud-sdk/bin:/Users/mark/bin:/usr/local/bin:/usr/local/mysql/bin:/usr/local/mongodb/bin:/opt/local/bin:/opt/local/sbin:/Users/mark/.rvm/gems/ruby-1.9.3-p125/bin:/Users/mark/.rvm/gems/ruby-1.9.3-p125@global/bin:/Users/mark/.rvm/rubies/ruby-1.9.3-p125/bin:/Users/mark/.rvm/bin:/usr/local/bin:/usr/bin:/bin:/usr/sbin:/sbin:/opt/X11/bin:/usr/local/git/bin:/usr/local/go/bin:/usr/local/MacGPG2/bin
10 verbose lifecycle actorMap@0.0.0~start: CWD: /Users/mark/Code/d3/actorMap
11 silly lifecycle actorMap@0.0.0~start: Args: [ '-c', 'node ./bin/www "dev"' ]
12 silly lifecycle actorMap@0.0.0~start: Returned: code: 1  signal: null
13 info lifecycle actorMap@0.0.0~start: Failed to exec start script
14 verbose stack Error: actorMap@0.0.0 start: `node ./bin/www "dev"`
14 verbose stack Exit status 1
14 verbose stack     at EventEmitter.<anonymous> (/usr/local/lib/node_modules/npm/lib/utils/lifecycle.js:232:16)
14 verbose stack     at EventEmitter.emit (events.js:110:17)
14 verbose stack     at ChildProcess.<anonymous> (/usr/local/lib/node_modules/npm/lib/utils/spawn.js:24:14)
14 verbose stack     at ChildProcess.emit (events.js:110:17)
14 verbose stack     at maybeClose (child_process.js:1015:16)
14 verbose stack     at Process.ChildProcess._handle.onexit (child_process.js:1087:5)
15 verbose pkgid actorMap@0.0.0
16 verbose cwd /Users/mark/Code/d3/actorMap
17 error Darwin 15.3.0
18 error argv "node" "/usr/local/bin/npm" "run" "start" "dev"
19 error node v0.12.7
20 error npm  v3.5.3
21 error code ELIFECYCLE
22 error actorMap@0.0.0 start: `node ./bin/www "dev"`
22 error Exit status 1
23 error Failed at the actorMap@0.0.0 start script 'node ./bin/www "dev"'.
23 error Make sure you have the latest version of node.js and npm installed.
23 error If you do, this is most likely a problem with the actorMap package,
23 error not with npm itself.
23 error Tell the author that this fails on your system:
23 error     node ./bin/www "dev"
23 error You can get information on how to open an issue for this project with:
23 error     npm bugs actorMap
23 error Or if that isn't available, you can get their info via:
23 error     npm owner ls actorMap
23 error There is likely additional logging output above.
24 verbose exit [ 1, true ]
